Using pre-set license
Built from '2021.3/staging' branch; Version is '2021.3.16f1 (4016570cf34f) revision 4200023'; Using compiler version '192829333'; Build Type 'Release'
OS: 'Windows 10  (10.0.19045) 64bit Professional' Language: 'fr' Physical Memory: 8067 MB
BatchMode: 1, IsHumanControllingUs: 0, StartBugReporterOnCrash: 0, Is64bit: 1, IsPro: 1

COMMAND LINE ARGUMENTS:
C:\Program Files\Unity\Hub\Editor\2021.3.16f1\Editor\Unity.exe
-adb2
-batchMode
-noUpm
-name
AssetImportWorker0
-projectPath
C:/Users/Administrateur/Documents/GitHub/stellastone/logiciel
-logFile
Logs/AssetImportWorker0.log
-srvPort
49987
Successfully changed project path to: C:/Users/Administrateur/Documents/GitHub/stellastone/logiciel
C:/Users/Administrateur/Documents/GitHub/stellastone/logiciel
[UnityMemory] Configuration Parameters - Can be set up in boot.config
    "memorysetup-bucket-allocator-granularity=16"
    "memorysetup-bucket-allocator-bucket-count=8"
    "memorysetup-bucket-allocator-block-size=33554432"
    "memorysetup-bucket-allocator-block-count=8"
    "memorysetup-main-allocator-block-size=16777216"
    "memorysetup-thread-allocator-block-size=16777216"
    "memorysetup-gfx-main-allocator-block-size=16777216"
    "memorysetup-gfx-thread-allocator-block-size=16777216"
    "memorysetup-cache-allocator-block-size=4194304"
    "memorysetup-typetree-allocator-block-size=2097152"
    "memorysetup-profiler-bucket-allocator-granularity=16"
    "memorysetup-profiler-bucket-allocator-bucket-count=8"
    "memorysetup-profiler-bucket-allocator-block-size=33554432"
    "memorysetup-profiler-bucket-allocator-block-count=8"
    "memorysetup-profiler-allocator-block-size=16777216"
    "memorysetup-profiler-editor-allocator-block-size=1048576"
    "memorysetup-temp-allocator-size-main=16777216"
    "memorysetup-job-temp-allocator-block-size=2097152"
    "memorysetup-job-temp-allocator-block-size-background=1048576"
    "memorysetup-job-temp-allocator-reduction-small-platforms=262144"
    "memorysetup-temp-allocator-size-background-worker=32768"
    "memorysetup-temp-allocator-size-job-worker=262144"
    "memorysetup-temp-allocator-size-preload-manager=33554432"
    "memorysetup-temp-allocator-size-nav-mesh-worker=65536"
    "memorysetup-temp-allocator-size-audio-worker=65536"
    "memorysetup-temp-allocator-size-cloud-worker=32768"
    "memorysetup-temp-allocator-size-gi-baking-worker=262144"
    "memorysetup-temp-allocator-size-gfx=262144"
Player connection [15252] Host "[IP] 192.168.1.105 [Port] 0 [Flags] 2 [Guid] 1678823073 [EditorId] 1678823073 [Version] 1048832 [Id] WindowsEditor(7,DESKTOP-1OQP2TT) [Debug] 1 [PackageName] WindowsEditor [ProjectName] Editor" joined multi-casting on [225.0.0.222:54997]...

Player connection [15252] Host "[IP] 192.168.1.105 [Port] 0 [Flags] 2 [Guid] 1678823073 [EditorId] 1678823073 [Version] 1048832 [Id] WindowsEditor(7,DESKTOP-1OQP2TT) [Debug] 1 [PackageName] WindowsEditor [ProjectName] Editor" joined alternative multi-casting on [225.0.0.222:34997]...

Refreshing native plugins compatible for Editor in 121.46 ms, found 3 plugins.
Preloading 0 native plugins for Editor in 0.00 ms.
Initialize engine version: 2021.3.16f1 (4016570cf34f)
[Subsystems] Discovering subsystems at path C:/Program Files/Unity/Hub/Editor/2021.3.16f1/Editor/Data/Resources/UnitySubsystems
[Subsystems] Discovering subsystems at path C:/Users/Administrateur/Documents/GitHub/stellastone/logiciel/Assets
GfxDevice: creating device client; threaded=0; jobified=0
Direct3D:
    Version:  Direct3D 11.0 [level 11.1]
    Renderer: Intel(R) HD Graphics 530 (ID=0x1912)
    Vendor:   Intel
    VRAM:     4033 MB
    Driver:   30.0.101.1339
Initialize mono
Mono path[0] = 'C:/Program Files/Unity/Hub/Editor/2021.3.16f1/Editor/Data/Managed'
Mono path[1] = 'C:/Program Files/Unity/Hub/Editor/2021.3.16f1/Editor/Data/MonoBleedingEdge/lib/mono/unityjit-win32'
Mono config path = 'C:/Program Files/Unity/Hub/Editor/2021.3.16f1/Editor/Data/MonoBleedingEdge/etc'
Using monoOptions --debugger-agent=transport=dt_socket,embedding=1,server=y,suspend=n,address=127.0.0.1:56144
Begin MonoManager ReloadAssembly
Registering precompiled unity dll's ...
Register platform support module: C:/Program Files/Unity/Hub/Editor/2021.3.16f1/Editor/Data/PlaybackEngines/WebGLSupport/UnityEditor.WebGL.Extensions.dll
Register platform support module: C:/Program Files/Unity/Hub/Editor/2021.3.16f1/Editor/Data/PlaybackEngines/WindowsStandaloneSupport/UnityEditor.WindowsStandalone.Extensions.dll
Registered in 0.009765 seconds.
Native extension for WindowsStandalone target not found
Native extension for WebGL target not found
Refreshing native plugins compatible for Editor in 119.51 ms, found 3 plugins.
Preloading 0 native plugins for Editor in 0.00 ms.
Mono: successfully reloaded assembly
- Completed reload, in  0.974 seconds
Domain Reload Profiling:
	ReloadAssembly (974ms)
		BeginReloadAssembly (104ms)
			ExecutionOrderSort (0ms)
			DisableScriptedObjects (0ms)
			BackupInstance (0ms)
			ReleaseScriptingObjects (0ms)
			CreateAndSetChildDomain (1ms)
		EndReloadAssembly (709ms)
			LoadAssemblies (101ms)
			RebuildTransferFunctionScriptingTraits (0ms)
			SetupTypeCache (154ms)
			ReleaseScriptCaches (0ms)
			RebuildScriptCaches (46ms)
			SetupLoadedEditorAssemblies (435ms)
				LogAssemblyErrors (0ms)
				InitializePlatformSupportModulesInManaged (13ms)
				SetLoadedEditorAssemblies (0ms)
				RefreshPlugins (120ms)
				BeforeProcessingInitializeOnLoad (2ms)
				ProcessInitializeOnLoadAttributes (235ms)
				ProcessInitializeOnLoadMethodAttributes (65ms)
				AfterProcessingInitializeOnLoad (0ms)
				EditorAssembliesLoaded (0ms)
			ExecutionOrderSort2 (0ms)
			AwakeInstancesAfterBackupRestoration (0ms)
Platform modules already initialized, skipping
Registering precompiled user dll's ...
Registered in 0.007691 seconds.
Begin MonoManager ReloadAssembly
Symbol file LoadedFromMemory doesn't match image C:\Users\Administrateur\Documents\GitHub\stellastone\logiciel\Library\PackageCache\com.unity.visualscripting@1.7.8\Editor\VisualScripting.Core\Dependencies\YamlDotNet\Unity.VisualScripting.YamlDotNet.dll
Symbol file LoadedFromMemory doesn't match image C:\Users\Administrateur\Documents\GitHub\stellastone\logiciel\Library\PackageCache\com.unity.visualscripting@1.7.8\Editor\VisualScripting.Core\Dependencies\DotNetZip\Unity.VisualScripting.IonicZip.dll
Native extension for WindowsStandalone target not found
Native extension for WebGL target not found
Refreshing native plugins compatible for Editor in 0.67 ms, found 3 plugins.
Preloading 0 native plugins for Editor in 0.00 ms.
Mono: successfully reloaded assembly
- Completed reload, in  1.578 seconds
Domain Reload Profiling:
	ReloadAssembly (1579ms)
		BeginReloadAssembly (160ms)
			ExecutionOrderSort (0ms)
			DisableScriptedObjects (8ms)
			BackupInstance (0ms)
			ReleaseScriptingObjects (0ms)
			CreateAndSetChildDomain (29ms)
		EndReloadAssembly (1248ms)
			LoadAssemblies (115ms)
			RebuildTransferFunctionScriptingTraits (0ms)
			SetupTypeCache (419ms)
			ReleaseScriptCaches (1ms)
			RebuildScriptCaches (90ms)
			SetupLoadedEditorAssemblies (527ms)
				LogAssemblyErrors (0ms)
				InitializePlatformSupportModulesInManaged (11ms)
				SetLoadedEditorAssemblies (1ms)
				RefreshPlugins (1ms)
				BeforeProcessingInitializeOnLoad (130ms)
				ProcessInitializeOnLoadAttributes (340ms)
				ProcessInitializeOnLoadMethodAttributes (33ms)
				AfterProcessingInitializeOnLoad (10ms)
				EditorAssembliesLoaded (0ms)
			ExecutionOrderSort2 (0ms)
			AwakeInstancesAfterBackupRestoration (14ms)
Platform modules already initialized, skipping
========================================================================
Worker process is ready to serve import requests
Launched and connected shader compiler UnityShaderCompiler.exe after 0.20 seconds
Refreshing native plugins compatible for Editor in 0.66 ms, found 3 plugins.
Preloading 0 native plugins for Editor in 0.00 ms.
Unloading 3361 Unused Serialized files (Serialized files now loaded: 0)
Unloading 27 unused Assets / (113.4 KB). Loaded Objects now: 3818.
Memory consumption went from 115.6 MB to 115.5 MB.
Total: 4.402500 ms (FindLiveObjects: 0.445100 ms CreateObjectMapping: 0.378200 ms MarkObjects: 3.440900 ms  DeleteObjects: 0.137000 ms)

AssetImportParameters requested are different than current active one (requested -> active):
  custom:video-decoder-ogg-theora: a1e56fd34408186e4bbccfd4996cb3dc -> 
  custom:container-muxer-webm: aa71ff27fc2769a1b78a27578f13a17b -> 
  custom:container-demuxer-webm: 4f35f7cbe854078d1ac9338744f61a02 -> 
  custom:video-encoder-webm-vp8: eb34c28f22e8b96e1ab97ce403110664 -> 
  custom:video-codec-MediaFoundation-h265: 746d11721c4dcdbdad8f713fa42b33f4 -> 
  custom:audio-encoder-webm-vorbis: bf7c407c2cedff20999df2af8eb42d56 -> 
  custom:framework-win-MediaFoundation: 216162199b28c13a410421893ffa2e32 -> 
  custom:container-demuxer-ogg: 62fdf1f143b41e24485cea50d1cbac27 -> 
  custom:video-decoder-webm-vp8: 9c59270c3fd7afecdb556c50c9e8de78 -> 
  custom:audio-decoder-ogg-vorbis: bf7c407c2cedff20999df2af8eb42d56 -> 
========================================================================
Received Import Request.
  Time since last request: 765051.307491 seconds.
  path: Assets/Models/Rockets
  artifactKey: Guid(3613052028d80574b806a6eeb84f2f9a) Importer(815301076,1909f56bfc062723c751e8b465ee728b)
Start importing Assets/Models/Rockets using Guid(3613052028d80574b806a6eeb84f2f9a) Importer(815301076,1909f56bfc062723c751e8b465ee728b)  -> (artifact id: '8d6078e97aa753f57a5d37b6cb1f02a9') in 0.014686 seconds 
========================================================================
Received Import Request.
  Time since last request: 0.000043 seconds.
  path: Assets/Models/Rockets/SpaceShuttel.blend
  artifactKey: Guid(952e36c1086746c4dae947066d3c9d2d) Importer(815301076,1909f56bfc062723c751e8b465ee728b)
Start importing Assets/Models/Rockets/SpaceShuttel.blend using Guid(952e36c1086746c4dae947066d3c9d2d) Importer(815301076,1909f56bfc062723c751e8b465ee728b)  -> (artifact id: 'b496aa7b6f4c9e0126fba316a9b78fbe') in 0.648598 seconds 
========================================================================
Received Import Request.
  Time since last request: 0.000039 seconds.
  path: Assets/Models
  artifactKey: Guid(115d2fe061e0be541be2157cc9b31c8a) Importer(815301076,1909f56bfc062723c751e8b465ee728b)
Start importing Assets/Models using Guid(115d2fe061e0be541be2157cc9b31c8a) Importer(815301076,1909f56bfc062723c751e8b465ee728b)  -> (artifact id: 'e5cfe19397344a05c164ad52c8420571') in 0.015157 seconds 
========================================================================
Received Import Request.
  Time since last request: 0.000094 seconds.
  path: Assets/Animations
  artifactKey: Guid(dae92a7e08726a14e82847901012c773) Importer(815301076,1909f56bfc062723c751e8b465ee728b)
Start importing Assets/Animations using Guid(dae92a7e08726a14e82847901012c773) Importer(815301076,1909f56bfc062723c751e8b465ee728b)  -> (artifact id: '1206e0cec68bd5d724b0101989417b58') in 0.029099 seconds 
========================================================================
Received Import Request.
  Time since last request: 53.421840 seconds.
  path: Assets/Models/Rockets/novus-prime.blend
  artifactKey: Guid(5ac2639e4f0d0e540827b8872e04011e) Importer(815301076,1909f56bfc062723c751e8b465ee728b)
Start importing Assets/Models/Rockets/novus-prime.blend using Guid(5ac2639e4f0d0e540827b8872e04011e) Importer(815301076,1909f56bfc062723c751e8b465ee728b)  -> (artifact id: '94f51123c18b7ed80c1aa2ea9c826daf') in 0.318121 seconds 
========================================================================
Received Import Request.
  Time since last request: 274.544369 seconds.
  path: Assets/Materials/New Material.mat
  artifactKey: Guid(cff60327061b6974985b4dd19ef8a1ee) Importer(815301076,1909f56bfc062723c751e8b465ee728b)
Start importing Assets/Materials/New Material.mat using Guid(cff60327061b6974985b4dd19ef8a1ee) Importer(815301076,1909f56bfc062723c751e8b465ee728b)  -> (artifact id: 'c57ed1c05104b00f7bd64733ad49992c') in 0.038442 seconds 
========================================================================
Received Import Request.
  Time since last request: 14.647855 seconds.
  path: Assets/Textures
  artifactKey: Guid(dc102d1ff925f3a40bbd546f491d6441) Importer(815301076,1909f56bfc062723c751e8b465ee728b)
Start importing Assets/Textures using Guid(dc102d1ff925f3a40bbd546f491d6441) Importer(815301076,1909f56bfc062723c751e8b465ee728b)  -> (artifact id: 'd395fdae3d14558bb0cae775a7a89676') in 0.020867 seconds 
========================================================================
Received Import Request.
  Time since last request: 1.207280 seconds.
  path: Assets/Resources
  artifactKey: Guid(1aff648984ef0014aa54ad961394e557) Importer(815301076,1909f56bfc062723c751e8b465ee728b)
Start importing Assets/Resources using Guid(1aff648984ef0014aa54ad961394e557) Importer(815301076,1909f56bfc062723c751e8b465ee728b)  -> (artifact id: 'ec9ca09c6bdc3bd4d03de921af250bdb') in 0.016548 seconds 
========================================================================
Received Import Request.
  Time since last request: 0.716194 seconds.
  path: Assets/Plugins
  artifactKey: Guid(d0f70b4ee065222408f8396524fe4771) Importer(815301076,1909f56bfc062723c751e8b465ee728b)
Start importing Assets/Plugins using Guid(d0f70b4ee065222408f8396524fe4771) Importer(815301076,1909f56bfc062723c751e8b465ee728b)  -> (artifact id: '8f75db7b9cacb8eca83ad1da4b361728') in 0.016808 seconds 
========================================================================
Received Import Request.
  Time since last request: 15.616544 seconds.
  path: Assets/Scenes
  artifactKey: Guid(6ea315d0fd7389c41b19996891e99ae3) Importer(815301076,1909f56bfc062723c751e8b465ee728b)
Start importing Assets/Scenes using Guid(6ea315d0fd7389c41b19996891e99ae3) Importer(815301076,1909f56bfc062723c751e8b465ee728b)  -> (artifact id: 'b8193726cff86800c54781cdc6d54904') in 0.009503 seconds 
========================================================================
Received Import Request.
  Time since last request: 1498.224500 seconds.
  path: Assets/Models/Spaceships
  artifactKey: Guid(91872f34fd6d23348ad98a7c0199831b) Importer(815301076,1909f56bfc062723c751e8b465ee728b)
Start importing Assets/Models/Spaceships using Guid(91872f34fd6d23348ad98a7c0199831b) Importer(815301076,1909f56bfc062723c751e8b465ee728b)  -> (artifact id: 'bd25f79c2162943ea271355a1b3785e2') in 0.034842 seconds 
========================================================================
Received Import Request.
  Time since last request: 0.891248 seconds.
  path: Assets/Models/Spaceport
  artifactKey: Guid(31e3390ea6187a14c9468df81ed93088) Importer(815301076,1909f56bfc062723c751e8b465ee728b)
Start importing Assets/Models/Spaceport using Guid(31e3390ea6187a14c9468df81ed93088) Importer(815301076,1909f56bfc062723c751e8b465ee728b)  -> (artifact id: '926d2dc61dd95e38cbdd3dd9ecd59f45') in 0.025131 seconds 
========================================================================
Received Import Request.
  Time since last request: 84.371792 seconds.
  path: Assets/Models/Spaceport/Cube.prefab
  artifactKey: Guid(c383f5b457672814da11188648aef023) Importer(815301076,1909f56bfc062723c751e8b465ee728b)
Start importing Assets/Models/Spaceport/Cube.prefab using Guid(c383f5b457672814da11188648aef023) Importer(815301076,1909f56bfc062723c751e8b465ee728b)  -> (artifact id: '36d8bc076b92cd0519b6d2397df33333') in 0.294107 seconds 
========================================================================
Received Import Request.
  Time since last request: 40.937557 seconds.
  path: Assets/Models/Spaceport/Ground.prefab
  artifactKey: Guid(c383f5b457672814da11188648aef023) Importer(815301076,1909f56bfc062723c751e8b465ee728b)
Start importing Assets/Models/Spaceport/Ground.prefab using Guid(c383f5b457672814da11188648aef023) Importer(815301076,1909f56bfc062723c751e8b465ee728b)  -> (artifact id: 'cb6a0dd69755ca7e5c73c9927e760b70') in 0.031750 seconds 
========================================================================
Received Import Request.
  Time since last request: 9.820649 seconds.
  path: Assets/Models/Spaceport/ground.prefab
  artifactKey: Guid(c383f5b457672814da11188648aef023) Importer(815301076,1909f56bfc062723c751e8b465ee728b)
Start importing Assets/Models/Spaceport/ground.prefab using Guid(c383f5b457672814da11188648aef023) Importer(815301076,1909f56bfc062723c751e8b465ee728b)  -> (artifact id: '606c448a9a9ae2c51374036e314bde40') in 0.029676 seconds 
========================================================================
Received Import Request.
  Time since last request: 327.012713 seconds.
  path: Assets/Models/Spaceships/novus-prime.blend
  artifactKey: Guid(5ac2639e4f0d0e540827b8872e04011e) Importer(815301076,1909f56bfc062723c751e8b465ee728b)
Start importing Assets/Models/Spaceships/novus-prime.blend using Guid(5ac2639e4f0d0e540827b8872e04011e) Importer(815301076,1909f56bfc062723c751e8b465ee728b)  -> (artifact id: '7161d06002c0f4a4c0870601b4916a96') in 0.675974 seconds 
========================================================================
Received Import Request.
  Time since last request: 2.763808 seconds.
  path: Assets/Models/Spaceships/novus-prime.blend1
  artifactKey: Guid(5f96fdedbaa290f48817f9ffa1bd2c95) Importer(815301076,1909f56bfc062723c751e8b465ee728b)
Start importing Assets/Models/Spaceships/novus-prime.blend1 using Guid(5f96fdedbaa290f48817f9ffa1bd2c95) Importer(815301076,1909f56bfc062723c751e8b465ee728b)  -> (artifact id: '30b083ec42c56b3aede79762734ad83f') in 0.022764 seconds 
========================================================================
Received Import Request.
  Time since last request: 165.730094 seconds.
  path: Assets/Models/Spaceport/ground.prefab
  artifactKey: Guid(c383f5b457672814da11188648aef023) Importer(815301076,1909f56bfc062723c751e8b465ee728b)
Start importing Assets/Models/Spaceport/ground.prefab using Guid(c383f5b457672814da11188648aef023) Importer(815301076,1909f56bfc062723c751e8b465ee728b)  -> (artifact id: '5b6e955fb4988c047df415d153dd41cb') in 0.019142 seconds 
========================================================================
Received Import Request.
  Time since last request: 3.419844 seconds.
  path: Assets/Models/Spaceport/ground.prefab
  artifactKey: Guid(c383f5b457672814da11188648aef023) Importer(815301076,1909f56bfc062723c751e8b465ee728b)
Start importing Assets/Models/Spaceport/ground.prefab using Guid(c383f5b457672814da11188648aef023) Importer(815301076,1909f56bfc062723c751e8b465ee728b)  -> (artifact id: 'f3e7b394f1ec5ce62e181f653bab4ff3') in 0.022005 seconds 
========================================================================
Received Import Request.
  Time since last request: 1.817724 seconds.
  path: Assets/Models/Spaceport/ground.prefab
  artifactKey: Guid(c383f5b457672814da11188648aef023) Importer(815301076,1909f56bfc062723c751e8b465ee728b)
Start importing Assets/Models/Spaceport/ground.prefab using Guid(c383f5b457672814da11188648aef023) Importer(815301076,1909f56bfc062723c751e8b465ee728b)  -> (artifact id: 'ae1b7da645a147830d177411f2eebe9a') in 0.034037 seconds 
========================================================================
Received Import Request.
  Time since last request: 1898.377610 seconds.
  path: Assets/Scenes/GameScene.unity
  artifactKey: Guid(9fc0d4010bbf28b4594072e72b8655ab) Importer(815301076,1909f56bfc062723c751e8b465ee728b)
Start importing Assets/Scenes/GameScene.unity using Guid(9fc0d4010bbf28b4594072e72b8655ab) Importer(815301076,1909f56bfc062723c751e8b465ee728b)  -> (artifact id: '5e45ca21a33c87628472138b8026b5c0') in 0.017421 seconds 
========================================================================
Received Import Request.
  Time since last request: 132.492632 seconds.
  path: Assets/Scenes/GameScene.unity
  artifactKey: Guid(9fc0d4010bbf28b4594072e72b8655ab) Importer(815301076,1909f56bfc062723c751e8b465ee728b)
Start importing Assets/Scenes/GameScene.unity using Guid(9fc0d4010bbf28b4594072e72b8655ab) Importer(815301076,1909f56bfc062723c751e8b465ee728b)  -> (artifact id: '1d8c80356d7faf0b2825615d6022bce3') in 0.011953 seconds 
